<?xml version="1.0" encoding="UTF-8"?>
<!-- Generated by org.testng.reporters.JUnitReportReporter -->
<testsuite skipped="0" hostname="HYD-LAP-01165" name="com.demo.seleniumspring.googletests.GoogleSearch1Test" tests="1" failures="0" timestamp="2022-06-08T12:28:36 IST" time="35.044" errors="0">
  <testcase name="GoogleTest" time="35.044" classname="com.demo.seleniumspring.googletests.GoogleSearch1Test"/>
  <system-out/>
</testsuite> <!-- com.demo.seleniumspring.googletests.GoogleSearch1Test -->
