<?xml version="1.0" encoding="UTF-8"?>
<!-- Generated by org.testng.reporters.JUnitReportReporter -->
<testsuite skipped="0" hostname="HYD-LAP-01165" name="com.demo.seleniumspring.tests.ProductsSearchPageTest" tests="1" failures="0" timestamp="2022-07-01T16:19:55 IST" time="41.262" errors="0">
  <testcase name="searchTheProductAndClickOnFirstResult" time="41.262" classname="com.demo.seleniumspring.tests.ProductsSearchPageTest"/>
  <system-out/>
</testsuite> <!-- com.demo.seleniumspring.tests.ProductsSearchPageTest -->
