<?xml version="1.0" encoding="UTF-8"?>
<!-- Generated by org.testng.reporters.JUnitReportReporter -->
<testsuite skipped="0" hostname="HYD-LAP-01165" name="com.demo.seleniumspring.googletests.ProductsSearchPageTest" tests="1" failures="0" timestamp="2022-06-09T11:47:21 IST" time="84.574" errors="0">
  <testcase name="searchTheProductAndClickOnFirstResult" time="84.574" classname="com.demo.seleniumspring.googletests.ProductsSearchPageTest"/>
  <system-out/>
</testsuite> <!-- com.demo.seleniumspring.googletests.ProductsSearchPageTest -->
