<?xml version="1.0" encoding="UTF-8"?>
<!-- Generated by org.testng.reporters.JUnitReportReporter -->
<testsuite skipped="0" hostname="HYD-LAP-01165" name="com.demo.seleniumspring.googletests.LoginPageTest" tests="1" failures="0" timestamp="2022-06-09T11:48:26 IST" time="15.980" errors="0">
  <testcase name="LoginTest" time="15.980" classname="com.demo.seleniumspring.googletests.LoginPageTest"/>
  <system-out/>
</testsuite> <!-- com.demo.seleniumspring.googletests.LoginPageTest -->
