<?xml version="1.0" encoding="UTF-8"?>
<!-- Generated by org.testng.reporters.JUnitReportReporter -->
<testsuite skipped="0" hostname="HYD-LAP-01165" name="com.demo.seleniumspring.googletests.SearchingTheProductsTest" tests="1" failures="0" timestamp="2022-06-08T15:47:08 IST" time="79.928" errors="0">
  <testcase name="searchTheProductAndClickOnFirstResult" time="79.928" classname="com.demo.seleniumspring.googletests.SearchingTheProductsTest"/>
  <system-out/>
</testsuite> <!-- com.demo.seleniumspring.googletests.SearchingTheProductsTest -->
