<?xml version="1.0" encoding="UTF-8"?>
<!-- Generated by org.testng.reporters.JUnitReportReporter -->
<testsuite skipped="0" hostname="HYD-LAP-01165" name="com.demo.seleniumspring.googletests.GoogleSearch2Test" tests="1" failures="0" timestamp="2022-06-07T19:11:38 IST" time="5.287" errors="0">
  <testcase name="GoogleTest" time="5.287" classname="com.demo.seleniumspring.googletests.GoogleSearch2Test"/>
  <system-out/>
</testsuite> <!-- com.demo.seleniumspring.googletests.GoogleSearch2Test -->
