<?xml version="1.0" encoding="UTF-8"?>
<!-- Generated by org.testng.reporters.JUnitReportReporter -->
<testsuite skipped="0" hostname="HYD-LAP-01165" name="com.demo.seleniumspring.googletests.CartPageTest" tests="1" failures="0" timestamp="2022-06-09T14:14:23 IST" time="108.975" errors="0">
  <testcase name="removeAddedProductFromCart" time="108.975" classname="com.demo.seleniumspring.googletests.CartPageTest"/>
  <system-out/>
</testsuite> <!-- com.demo.seleniumspring.googletests.CartPageTest -->
