<?xml version="1.0" encoding="UTF-8"?>
<!-- Generated by org.testng.reporters.JUnitReportReporter -->
<testsuite skipped="0" hostname="HYD-LAP-01165" name="com.demo.seleniumspring.tests.LoginPageTest" tests="1" failures="0" timestamp="2022-07-01T16:16:34 IST" time="15.534" errors="0">
  <testcase name="LoginTest" time="15.534" classname="com.demo.seleniumspring.tests.LoginPageTest"/>
  <system-out/>
</testsuite> <!-- com.demo.seleniumspring.tests.LoginPageTest -->
